[debug] [2025-11-28T14:15:17.094Z] ----------------------------------------------------------------------
[debug] [2025-11-28T14:15:17.096Z] Command:       C:\Program Files\nodejs\node.exe C:\Users\Ivan.Lazarevski\AppData\Roaming\npm\node_modules\firebase-tools\lib\bin\firebase.js init
[debug] [2025-11-28T14:15:17.096Z] CLI Version:   14.26.0
[debug] [2025-11-28T14:15:17.096Z] Platform:      win32
[debug] [2025-11-28T14:15:17.096Z] Node Version:  v24.11.1
[debug] [2025-11-28T14:15:17.096Z] Time:          Fri Nov 28 2025 15:15:17 GMT+0100 (Central European Standard Time)
[debug] [2025-11-28T14:15:17.096Z] ----------------------------------------------------------------------
[debug] 
[info] 
     ######## #### ########  ######## ########     ###     ######  ########
     ##        ##  ##     ## ##       ##     ##  ##   ##  ##       ##
     ######    ##  ########  ######   ########  #########  ######  ######
     ##        ##  ##    ##  ##       ##     ## ##     ##       ## ##
     ##       #### ##     ## ######## ########  ##     ##  ######  ########

You're about to initialize a Firebase project in this directory:

  C:\Users\Ivan.Lazarevski\Desktop\ok-blog

[debug] [2025-11-28T14:15:21.627Z] ExitPromptError: User force closed the prompt with SIGINT
    at Interface.sigint (C:\Users\Ivan.Lazarevski\AppData\Roaming\npm\node_modules\firebase-tools\node_modules\@inquirer\core\dist\commonjs\lib\create-prompt.js:101:37)
    at Interface.emit (node:events:508:28)
    at Interface.emit (node:domain:489:12)
    at [_ttyWrite] [as _ttyWrite] (node:internal/readline/interface:1317:18)
    at ReadStream.onkeypress (node:internal/readline/interface:284:20)
    at ReadStream.emit (node:events:520:35)
    at ReadStream.emit (node:domain:489:12)
    at emitKeys (node:internal/readline/utils:371:14)
    at emitKeys.next (<anonymous>)
    at ReadStream.onData (node:internal/readline/emitKeypressEvents:64:36)
[error] 
[error] Error: An unexpected error has occurred.
